# JRE version: Java(TM) SE Runtime Environment (15.0.2+7) (build 15.0.2+7-27)
# Java VM: Java HotSpot(TM) 64-Bit Server VM (15.0.2+7-27, mixed mode, sharing, tiered, compressed oops, g1 gc, windows-amd64)
GC Precious Log:
 CPUs: 16 total, 16 available
 Memory: 7598M
 Large Page Support: Disabled
 NUMA Support: Disabled
 Compressed Oops: Enabled (32-bit)
 Heap Region Size: 1M
 Heap Min Capacity: 256M
 Heap Initial Capacity: 256M
 Heap Max Capacity: 512M
 Pre-touch: Disabled
 Parallel Workers: 13
 Concurrent Workers: 3
 Concurrent Refinement Workers: 13
 Periodic GC: Disabled
Heap:
 garbage-first heap   total 262144K, used 155290K [0x00000000e0000000, 0x0000000100000000)
  region size 1024K, 91 young (93184K), 8 survivors (8192K)
 Metaspace       used 78794K, capacity 80644K, committed 80976K, reserved 325632K
  class space    used 9710K, capacity 10139K, committed 10240K, reserved 253952K
GC Heap History (20 events):
Event: 2947.502 GC heap before
{Heap before GC invocations=18 (full 0):
 garbage-first heap   total 262144K, used 206588K [0x00000000e0000000, 0x0000000100000000)
  region size 1024K, 153 young (156672K), 13 survivors (13312K)
 Metaspace       used 71768K, capacity 73201K, committed 73296K, reserved 319488K
  class space    used 9030K, capacity 9387K, committed 9472K, reserved 253952K
}
Event: 2947.531 GC heap after
{Heap after GC invocations=19 (full 0):
 garbage-first heap   total 262144K, used 61775K [0x00000000e0000000, 0x0000000100000000)
  region size 1024K, 9 young (9216K), 9 survivors (9216K)
 Metaspace       used 71768K, capacity 73201K, committed 73296K, reserved 319488K
  class space    used 9030K, capacity 9387K, committed 9472K, reserved 253952K
}
Event: 2948.671 GC heap before
{Heap before GC invocations=19 (full 0):
 garbage-first heap   total 262144K, used 210255K [0x00000000e0000000, 0x0000000100000000)
  region size 1024K, 153 young (156672K), 9 survivors (9216K)
 Metaspace       used 71907K, capacity 73557K, committed 73808K, reserved 319488K
  class space    used 9036K, capacity 9396K, committed 9472K, reserved 253952K
}
Event: 2948.684 GC heap after
{Heap after GC invocations=20 (full 0):
 garbage-first heap   total 262144K, used 64449K [0x00000000e0000000, 0x0000000100000000)
  region size 1024K, 11 young (11264K), 11 survivors (11264K)
 Metaspace       used 71907K, capacity 73557K, committed 73808K, reserved 319488K
  class space    used 9036K, capacity 9396K, committed 9472K, reserved 253952K
}
Event: 3067.530 GC heap before
{Heap before GC invocations=20 (full 0):
 garbage-first heap   total 262144K, used 208833K [0x00000000e0000000, 0x0000000100000000)
  region size 1024K, 153 young (156672K), 11 survivors (11264K)
 Metaspace       used 73628K, capacity 75204K, committed 75472K, reserved 321536K
  class space    used 9198K, capacity 9573K, committed 9600K, reserved 253952K
}
Event: 3067.538 GC heap after
{Heap after GC invocations=21 (full 0):
 garbage-first heap   total 262144K, used 62113K [0x00000000e0000000, 0x0000000100000000)
  region size 1024K, 9 young (9216K), 9 survivors (9216K)
 Metaspace       used 73628K, capacity 75204K, committed 75472K, reserved 321536K
  class space    used 9198K, capacity 9573K, committed 9600K, reserved 253952K
}
Event: 3068.438 GC heap before
{Heap before GC invocations=21 (full 0):
 garbage-first heap   total 262144K, used 210593K [0x00000000e0000000, 0x0000000100000000)
  region size 1024K, 153 young (156672K), 9 survivors (9216K)
 Metaspace       used 73751K, capacity 75493K, committed 75728K, reserved 321536K
  class space    used 9204K, capacity 9581K, committed 9600K, reserved 253952K
}
Event: 3068.447 GC heap after
{Heap after GC invocations=22 (full 0):
 garbage-first heap   total 262144K, used 64935K [0x00000000e0000000, 0x0000000100000000)
  region size 1024K, 12 young (12288K), 12 survivors (12288K)
 Metaspace       used 73751K, capacity 75493K, committed 75728K, reserved 321536K
  class space    used 9204K, capacity 9581K, committed 9600K, reserved 253952K
}
Event: 3119.878 GC heap before
{Heap before GC invocations=22 (full 0):
 garbage-first heap   total 262144K, used 208295K [0x00000000e0000000, 0x0000000100000000)
  region size 1024K, 153 young (156672K), 12 survivors (12288K)
 Metaspace       used 75363K, capacity 77097K, committed 77264K, reserved 321536K
  class space    used 9379K, capacity 9780K, committed 9856K, reserved 253952K
}
Event: 3119.885 GC heap after
{Heap after GC invocations=23 (full 0):
 garbage-first heap   total 262144K, used 63306K [0x00000000e0000000, 0x0000000100000000)
  region size 1024K, 10 young (10240K), 10 survivors (10240K)
 Metaspace       used 75363K, capacity 77097K, committed 77264K, reserved 321536K
  class space    used 9379K, capacity 9780K, committed 9856K, reserved 253952K
}
Event: 3174.246 GC heap before
{Heap before GC invocations=23 (full 0):
 garbage-first heap   total 262144K, used 208714K [0x00000000e0000000, 0x0000000100000000)
  region size 1024K, 153 young (156672K), 10 survivors (10240K)
 Metaspace       used 75484K, capacity 77153K, committed 77264K, reserved 321536K
  class space    used 9385K, capacity 9790K, committed 9856K, reserved 253952K
}
Event: 3174.253 GC heap after
{Heap after GC invocations=24 (full 0):
 garbage-first heap   total 262144K, used 61679K [0x00000000e0000000, 0x0000000100000000)
  region size 1024K, 9 young (9216K), 9 survivors (9216K)
 Metaspace       used 75484K, capacity 77153K, committed 77264K, reserved 321536K
  class space    used 9385K, capacity 9790K, committed 9856K, reserved 253952K
}
Event: 3174.959 GC heap before
{Heap before GC invocations=24 (full 0):
 garbage-first heap   total 262144K, used 210159K [0x00000000e0000000, 0x0000000100000000)
  region size 1024K, 153 young (156672K), 9 survivors (9216K)
 Metaspace       used 75915K, capacity 77669K, committed 77776K, reserved 323584K
  class space    used 9412K, capacity 9834K, committed 9856K, reserved 253952K
}
Event: 3174.974 GC heap after
{Heap after GC invocations=25 (full 0):
 garbage-first heap   total 262144K, used 73091K [0x00000000e0000000, 0x0000000100000000)
  region size 1024K, 19 young (19456K), 19 survivors (19456K)
 Metaspace       used 75915K, capacity 77669K, committed 77776K, reserved 323584K
  class space    used 9412K, capacity 9834K, committed 9856K, reserved 253952K
}
Event: 3261.564 GC heap before
{Heap before GC invocations=25 (full 0):
 garbage-first heap   total 262144K, used 204163K [0x00000000e0000000, 0x0000000100000000)
  region size 1024K, 148 young (151552K), 19 survivors (19456K)
 Metaspace       used 77122K, capacity 78892K, committed 78928K, reserved 323584K
  class space    used 9546K, capacity 9963K, committed 9984K, reserved 253952K
}
Event: 3261.575 GC heap after
{Heap after GC invocations=26 (full 0):
 garbage-first heap   total 262144K, used 67824K [0x00000000e0000000, 0x0000000100000000)
  region size 1024K, 8 young (8192K), 8 survivors (8192K)
 Metaspace       used 77122K, capacity 78892K, committed 78928K, reserved 323584K
  class space    used 9546K, capacity 9963K, committed 9984K, reserved 253952K
}
Event: 3262.386 GC heap before
{Heap before GC invocations=26 (full 0):
 garbage-first heap   total 262144K, used 208112K [0x00000000e0000000, 0x0000000100000000)
  region size 1024K, 144 young (147456K), 8 survivors (8192K)
 Metaspace       used 77325K, capacity 79222K, committed 79568K, reserved 323584K
  class space    used 9566K, capacity 10009K, committed 10112K, reserved 253952K
}
Event: 3262.396 GC heap after
{Heap after GC invocations=27 (full 0):
 garbage-first heap   total 262144K, used 78145K [0x00000000e0000000, 0x0000000100000000)
  region size 1024K, 17 young (17408K), 17 survivors (17408K)
 Metaspace       used 77325K, capacity 79222K, committed 79568K, reserved 323584K
  class space    used 9566K, capacity 10009K, committed 10112K, reserved 253952K
}
Event: 3410.762 GC heap before
{Heap before GC invocations=27 (full 0):
 garbage-first heap   total 262144K, used 203073K [0x00000000e0000000, 0x0000000100000000)
  region size 1024K, 140 young (143360K), 17 survivors (17408K)
 Metaspace       used 78722K, capacity 80579K, committed 80720K, reserved 325632K
  class space    used 9710K, capacity 10139K, committed 10240K, reserved 253952K
}
Event: 3410.769 GC heap after
{Heap after GC invocations=28 (full 0):
 garbage-first heap   total 262144K, used 72346K [0x00000000e0000000, 0x0000000100000000)
  region size 1024K, 8 young (8192K), 8 survivors (8192K)
 Metaspace       used 78722K, capacity 80579K, committed 80720K, reserved 325632K
  class space    used 9710K, capacity 10139K, committed 10240K, reserved 253952K
}

